2020-01-13 15:36:25.401 ERROR 4028 --- [main] o.s.b.SpringApplication                  : Application run failed

org.springframework.boot.context.properties.bind.BindException: Failed to bind properties under 'logging.level.config' to org.springframework.boot.logging.LogLevel
	at org.springframework.boot.context.properties.bind.Binder.handleBindError(Binder.java:364) ~[spring-boot-2.2.2.RELEASE.jar:2.2.2.RELEASE]
	at org.springframework.boot.context.properties.bind.Binder.bind(Binder.java:324) ~[spring-boot-2.2.2.RELEASE.jar:2.2.2.RELEASE]
	at org.springframework.boot.context.properties.bind.Binder.lambda$null$1(Binder.java:412) ~[spring-boot-2.2.2.RELEASE.jar:2.2.2.RELEASE]
	at org.springframework.boot.context.properties.bind.Binder$Context.withSource(Binder.java:543) ~[spring-boot-2.2.2.RELEASE.jar:2.2.2.RELEASE]
	at org.springframework.boot.context.properties.bind.Binder$Context.access$900(Binder.java:513) ~[spring-boot-2.2.2.RELEASE.jar:2.2.2.RELEASE]
	at org.springframework.boot.context.properties.bind.Binder.lambda$bindAggregate$2(Binder.java:413) ~[spring-boot-2.2.2.RELEASE.jar:2.2.2.RELEASE]
	at org.springframework.boot.context.properties.bind.AggregateElementBinder.bind(AggregateElementBinder.java:39) ~[spring-boot-2.2.2.RELEASE.jar:2.2.2.RELEASE]
	at org.springframework.boot.context.properties.bind.MapBinder$EntryBinder.lambda$bindEntries$0(MapBinder.java:157) ~[spring-boot-2.2.2.RELEASE.jar:2.2.2.RELEASE]
	at java.util.HashMap.computeIfAbsent(HashMap.java:1127) ~[?:1.8.0_211]
	at org.springframework.boot.context.properties.bind.MapBinder$EntryBinder.bindEntries(MapBinder.java:157) ~[spring-boot-2.2.2.RELEASE.jar:2.2.2.RELEASE]
	at org.springframework.boot.context.properties.bind.MapBinder.bindAggregate(MapBinder.java:68) ~[spring-boot-2.2.2.RELEASE.jar:2.2.2.RELEASE]
	at org.springframework.boot.context.properties.bind.AggregateBinder.bind(AggregateBinder.java:56) ~[spring-boot-2.2.2.RELEASE.jar:2.2.2.RELEASE]
	at org.springframework.boot.context.properties.bind.Binder.lambda$bindAggregate$3(Binder.java:415) ~[spring-boot-2.2.2.RELEASE.jar:2.2.2.RELEASE]
	at org.springframework.boot.context.properties.bind.Binder$Context.withIncreasedDepth(Binder.java:572) ~[spring-boot-2.2.2.RELEASE.jar:2.2.2.RELEASE]
	at org.springframework.boot.context.properties.bind.Binder$Context.access$100(Binder.java:513) ~[spring-boot-2.2.2.RELEASE.jar:2.2.2.RELEASE]
	at org.springframework.boot.context.properties.bind.Binder.bindAggregate(Binder.java:415) ~[spring-boot-2.2.2.RELEASE.jar:2.2.2.RELEASE]
	at org.springframework.boot.context.properties.bind.Binder.bindObject(Binder.java:376) ~[spring-boot-2.2.2.RELEASE.jar:2.2.2.RELEASE]
	at org.springframework.boot.context.properties.bind.Binder.bind(Binder.java:320) ~[spring-boot-2.2.2.RELEASE.jar:2.2.2.RELEASE]
	at org.springframework.boot.context.properties.bind.Binder.bind(Binder.java:308) ~[spring-boot-2.2.2.RELEASE.jar:2.2.2.RELEASE]
	at org.springframework.boot.context.properties.bind.Binder.bind(Binder.java:238) ~[spring-boot-2.2.2.RELEASE.jar:2.2.2.RELEASE]
	at org.springframework.boot.context.properties.bind.Binder.bind(Binder.java:212) ~[spring-boot-2.2.2.RELEASE.jar:2.2.2.RELEASE]
	at org.springframework.boot.context.logging.LoggingApplicationListener.setLogLevels(LoggingApplicationListener.java:398) ~[spring-boot-2.2.2.RELEASE.jar:2.2.2.RELEASE]
	at org.springframework.boot.context.logging.LoggingApplicationListener.initializeFinalLoggingLevels(LoggingApplicationListener.java:338) ~[spring-boot-2.2.2.RELEASE.jar:2.2.2.RELEASE]
	at org.springframework.boot.context.logging.LoggingApplicationListener.initialize(LoggingApplicationListener.java:289) ~[spring-boot-2.2.2.RELEASE.jar:2.2.2.RELEASE]
	at org.springframework.boot.context.logging.LoggingApplicationListener.onApplicationEnvironmentPreparedEvent(LoggingApplicationListener.java:246) ~[spring-boot-2.2.2.RELEASE.jar:2.2.2.RELEASE]
	at org.springframework.boot.context.logging.LoggingApplicationListener.onApplicationEvent(LoggingApplicationListener.java:223) ~[spring-boot-2.2.2.RELEASE.jar:2.2.2.RELEASE]
	at org.springframework.context.event.SimpleApplicationEventMulticaster.doInvokeListener(SimpleApplicationEventMulticaster.java:172) ~[spring-context-5.2.2.RELEASE.jar:5.2.2.RELEASE]
	at org.springframework.context.event.SimpleApplicationEventMulticaster.invokeListener(SimpleApplicationEventMulticaster.java:165) ~[spring-context-5.2.2.RELEASE.jar:5.2.2.RELEASE]
	at org.springframework.context.event.SimpleApplicationEventMulticaster.multicastEvent(SimpleApplicationEventMulticaster.java:139) ~[spring-context-5.2.2.RELEASE.jar:5.2.2.RELEASE]
	at org.springframework.context.event.SimpleApplicationEventMulticaster.multicastEvent(SimpleApplicationEventMulticaster.java:127) ~[spring-context-5.2.2.RELEASE.jar:5.2.2.RELEASE]
	at org.springframework.boot.context.event.EventPublishingRunListener.environmentPrepared(EventPublishingRunListener.java:76) ~[spring-boot-2.2.2.RELEASE.jar:2.2.2.RELEASE]
	at org.springframework.boot.SpringApplicationRunListeners.environmentPrepared(SpringApplicationRunListeners.java:53) ~[spring-boot-2.2.2.RELEASE.jar:2.2.2.RELEASE]
	at org.springframework.boot.SpringApplication.prepareEnvironment(SpringApplication.java:345) [spring-boot-2.2.2.RELEASE.jar:2.2.2.RELEASE]
	at org.springframework.boot.SpringApplication.run(SpringApplication.java:308) [spring-boot-2.2.2.RELEASE.jar:2.2.2.RELEASE]
	at org.springframework.boot.SpringApplication.run(SpringApplication.java:1226) [spring-boot-2.2.2.RELEASE.jar:2.2.2.RELEASE]
	at org.springframework.boot.SpringApplication.run(SpringApplication.java:1215) [spring-boot-2.2.2.RELEASE.jar:2.2.2.RELEASE]
	at com.example.demo.DemoApplication.main(DemoApplication.java:12) [classes/:?]
Caused by: org.springframework.core.convert.ConversionFailedException: Failed to convert from type [java.lang.String] to type [org.springframework.boot.logging.LogLevel] for value 'classpath:log4j2-spring.xml'; nested exception is java.lang.IllegalArgumentException: No enum constant org.springframework.boot.logging.LogLevel.classpath:log4j2-spring.xml
	at org.springframework.core.convert.support.ConversionUtils.invokeConverter(ConversionUtils.java:47) ~[spring-core-5.2.2.RELEASE.jar:5.2.2.RELEASE]
	at org.springframework.core.convert.support.GenericConversionService.convert(GenericConversionService.java:191) ~[spring-core-5.2.2.RELEASE.jar:5.2.2.RELEASE]
	at org.springframework.boot.context.properties.bind.BindConverter$CompositeConversionService.convert(BindConverter.java:170) ~[spring-boot-2.2.2.RELEASE.jar:2.2.2.RELEASE]
	at org.springframework.boot.context.properties.bind.BindConverter.convert(BindConverter.java:96) ~[spring-boot-2.2.2.RELEASE.jar:2.2.2.RELEASE]
	at org.springframework.boot.context.properties.bind.BindConverter.convert(BindConverter.java:88) ~[spring-boot-2.2.2.RELEASE.jar:2.2.2.RELEASE]
	at org.springframework.boot.context.properties.bind.Binder.bindProperty(Binder.java:435) ~[spring-boot-2.2.2.RELEASE.jar:2.2.2.RELEASE]
	at org.springframework.boot.context.properties.bind.Binder.bindObject(Binder.java:380) ~[spring-boot-2.2.2.RELEASE.jar:2.2.2.RELEASE]
	at org.springframework.boot.context.properties.bind.Binder.bind(Binder.java:320) ~[spring-boot-2.2.2.RELEASE.jar:2.2.2.RELEASE]
	... 35 more
Caused by: java.lang.IllegalArgumentException: No enum constant org.springframework.boot.logging.LogLevel.classpath:log4j2-spring.xml
	at org.springframework.boot.convert.LenientObjectToEnumConverterFactory$LenientToEnumConverter.findEnum(LenientObjectToEnumConverterFactory.java:93) ~[spring-boot-2.2.2.RELEASE.jar:2.2.2.RELEASE]
	at org.springframework.boot.convert.LenientObjectToEnumConverterFactory$LenientToEnumConverter.convert(LenientObjectToEnumConverterFactory.java:80) ~[spring-boot-2.2.2.RELEASE.jar:2.2.2.RELEASE]
	at org.springframework.boot.convert.LenientObjectToEnumConverterFactory$LenientToEnumConverter.convert(LenientObjectToEnumConverterFactory.java:61) ~[spring-boot-2.2.2.RELEASE.jar:2.2.2.RELEASE]
	at org.springframework.core.convert.support.GenericConversionService$ConverterFactoryAdapter.convert(GenericConversionService.java:436) ~[spring-core-5.2.2.RELEASE.jar:5.2.2.RELEASE]
	at org.s2020-01-13 15:37:39.136  INFO 4056 --- [main] c.e.d.DemoApplication                    : Starting DemoApplication on ～ with PID 4056 (/Users/jiaoshengting/work/ideaProjects/demo/target/classes started by jiaoshengting in /Users/jiaoshengting/work/ideaProjects/demo)
2020-01-13 15:37:39.143  INFO 4056 --- [main] c.e.d.DemoApplication                    : No active profile set, falling back to default profiles: default
2020-01-13 15:37:39.820  INFO 4056 --- [main] .s.d.r.c.RepositoryConfigurationDelegate : Bootstrapping Spring Data JPA repositories in DEFAULT mode.
2020-01-13 15:37:39.875  INFO 4056 --- [main] .s.d.r.c.RepositoryConfigurationDelegate : Finished Spring Data repository scanning in 48ms. Found 3 JPA repository interfaces.
2020-01-13 15:37:40.152  INFO 4056 --- [main] trationDelegate$BeanPostProcessorChecker : Bean 'org.springframework.transaction.annotation.ProxyTransactionManagementConfiguration' of type [org.springframework.transaction.annotation.ProxyTransactionManagementConfiguration] is not eligible for getting processed by all BeanPostProcessors (for example: not eligible for auto-proxying)
2020-01-13 15:37:40.536  INFO 4056 --- [main] o.s.b.w.e.t.TomcatWebServer              : Tomcat initialized with port(s): 8887 (http)
2020-01-13 15:37:40.545  INFO 4056 --- [main] o.a.c.c.StandardService                  : Starting service [Tomcat]
2020-01-13 15:37:40.546  INFO 4056 --- [main] o.a.c.c.StandardEngine                   : Starting Servlet engine: [Apache Tomcat/9.0.29]
2020-01-13 15:37:40.644  INFO 4056 --- [main] o.a.c.c.C.[.[.[/]                        : Initializing Spring embedded WebApplicationContext
2020-01-13 15:37:40.645  INFO 4056 --- [main] o.s.w.c.ContextLoader                    : Root WebApplicationContext: initialization completed in 1462 ms
2020-01-13 15:37:40.754  INFO 4056 --- [main] c.z.h.HikariDataSource                   : HikariPool-1 - Starting...
2020-01-13 15:37:40.756  WARN 4056 --- [main] c.z.h.u.DriverDataSource                 : Registered driver with driverClassName=com.mysql.jdbc.Driver was not found, trying direct instantiation.
2020-01-13 15:37:40.893  INFO 4056 --- [main] c.z.h.HikariDataSource                   : HikariPool-1 - Start completed.
2020-01-13 15:37:40.956  INFO 4056 --- [main] o.h.j.i.u.LogHelper                      : HHH000204: Processing PersistenceUnitInfo [name: default]
2020-01-13 15:37:41.039  INFO 4056 --- [main] o.h.Version                              : HHH000412: Hibernate Core {5.4.9.Final}
2020-01-13 15:37:41.162  INFO 4056 --- [main] o.h.a.c.Version                          : HCANN000001: Hibernate Commons Annotations {5.1.0.Final}
2020-01-13 15:37:41.266  INFO 4056 --- [main] o.h.d.Dialect                            : HHH000400: Using dialect: org.hibernate.dialect.MySQL57Dialect
2020-01-13 15:37:41.815  INFO 4056 --- [main] o.h.e.t.j.p.i.JtaPlatformInitiator       : HHH000490: Using JtaPlatform implementation: [org.hibernate.engine.transaction.jta.platform.internal.NoJtaPlatform]
2020-01-13 15:37:41.823  INFO 4056 --- [main] j.LocalContainerEntityManagerFactoryBean : Initialized JPA EntityManagerFactory for persistence unit 'default'
2020-01-13 15:37:42.261  WARN 4056 --- [main] JpaBaseConfiguration$JpaWebConfiguration : spring.jpa.open-in-view is enabled by default. Therefore, database queries may be performed during view rendering. Explicitly configure spring.jpa.open-in-view to disable this warning
2020-01-13 15:37:42.456  INFO 4056 --- [main] pertySourcedRequestMappingHandlerMapping : Mapped URL path [/v2/api-docs] onto method [springfox.documentation.swagger2.web.Swagger2Controller#getDocumentation(String, HttpServletRequest)]
2020-01-13 15:37:42.571  INFO 4056 --- [main] o.s.s.c.ThreadPoolTaskExecutor           : Initializing ExecutorService 'applicationTaskExecutor'
2020-01-13 15:37:42.711  INFO 4056 --- [main] d.s.w.p.DocumentationPluginsBootstrapper : Context refreshed
2020-01-13 15:37:42.725  INFO 4056 --- [main] d.s.w.p.DocumentationPluginsBootstrapper : Found 1 custom documentation plugin(s)
2020-01-13 15:37:42.747  INFO 4056 --- [main] s.d.s.w.s.ApiListingReferenceScanner     : Scanning for api listing references
2020-01-13 15:37:42.823  INFO 4056 --- [main] .d.s.w.r.o.CachingOperationNameGenerator : Generating unique operation named: testQueryUsingGET_1
2020-01-13 15:37:42.825  INFO 4056 --- [main] .d.s.w.r.o.CachingOperationNameGenerator : Generating unique operation named: testQueryUsingGET_2
2020-01-13 15:37:42.828  INFO 4056 --- [main] .d.s.w.r.o.CachingOperationNameGenerator : Generating unique operation named: testQueryUsingGET_3
2020-01-13 15:37:42.830  INFO 4056 --- [main] .d.s.w.r.o.CachingOperationNameGenerator : Generating unique operation named: testQueryUsingGET_4
2020-01-13 15:37:42.831  INFO 4056 --- [main] .d.s.w.r.o.CachingOperationNameGenerator : Generating unique operation named: testQueryUsingGET_5
2020-01-13 15:37:42.834  INFO 4056 --- [main] .d.s.w.r.o.CachingOperationNameGenerator : Generating unique operation named: testQueryUsingGET_6
2020-01-13 15:37:42.836  INFO 4056 --- [main] .d.s.w.r.o.CachingOperationNameGenerator : Generating unique operation named: testQueryUsingGET_7
2020-01-13 15:37:42.889  INFO 4056 --- [main] o.s.b.w.e.t.TomcatWebServer              : Tomcat started on port(s): 8887 (http) with context path ''
2020-01-13 15:37:42.892  INFO 4056 --- [main] c.e.d.DemoApplication                    : Started DemoApplication in 4.237 seconds (JVM running for 8.341)
2020-01-13 15:39:53.377  INFO 4082 --- [main] c.e.d.DemoApplication                    : Starting DemoApplication on ～ with PID 4082 (/Users/jiaoshengting/work/ideaProjects/demo/target/classes started by jiaoshengting in /Users/jiaoshengting/work/ideaProjects/demo)
2020-01-13 15:39:53.394  INFO 4082 --- [main] c.e.d.DemoApplication                    : No active profile set, falling back to default profiles: default
2020-01-13 15:39:54.190  INFO 4082 --- [main] .s.d.r.c.RepositoryConfigurationDelegate : Bootstrapping Spring Data JPA repositories in DEFAULT mode.
2020-01-13 15:39:54.246  INFO 4082 --- [main] .s.d.r.c.RepositoryConfigurationDelegate : Finished Spring Data repository scanning in 49ms. Found 3 JPA repository interfaces.
2020-01-13 15:39:54.514  INFO 4082 --- [main] trationDelegate$BeanPostProcessorChecker : Bean 'org.springframework.transaction.annotation.ProxyTransactionManagementConfiguration' of type [org.springframework.transaction.annotation.ProxyTransactionManagementConfiguration] is not eligible for getting processed by all BeanPostProcessors (for example: not eligible for auto-proxying)
2020-01-13 15:39:54.961  INFO 4082 --- [main] o.s.b.w.e.t.TomcatWebServer              : Tomcat initialized with port(s): 8887 (http)
2020-01-13 15:39:54.970  INFO 4082 --- [main] o.a.c.c.StandardService                  : Starting service [Tomcat]
2020-01-13 15:39:54.970  INFO 4082 --- [main] o.a.c.c.StandardEngine                   : Starting Servlet engine: [Apache Tomcat/9.0.29]
2020-01-13 15:39:55.060  INFO 4082 --- [main] o.a.c.c.C.[.[.[/]                        : Initializing Spring embedded WebApplicationContext
2020-01-13 15:39:55.060 DEBUG 4082 --- [main] o.s.w.c.ContextLoader                    : Published root WebApplicationContext as ServletContext attribute with name [org.springframework.web.context.WebApplicationContext.ROOT]
2020-01-13 15:39:55.060  INFO 4082 --- [main] o.s.w.c.ContextLoader                    : Root WebApplicationContext: initialization completed in 1593 ms
2020-01-13 15:39:55.162  INFO 4082 --- [main] c.z.h.HikariDataSource                   : HikariPool-1 - Starting...
2020-01-13 15:39:55.164  WARN 4082 --- [main] c.z.h.u.DriverDataSource                 : Registered driver with driverClassName=com.mysql.jdbc.Driver was not found, trying direct instantiation.
2020-01-13 15:39:55.304  INFO 4082 --- [main] c.z.h.HikariDataSource                   : HikariPool-1 - Start completed.
2020-01-13 15:39:55.365  INFO 4082 --- [main] o.h.j.i.u.LogHelper                      : HHH000204: Processing PersistenceUnitInfo [name: default]
2020-01-13 15:39:55.428  INFO 4082 --- [main] o.h.Version                              : HHH000412: Hibernate Core {5.4.9.Final}
2020-01-13 15:39:55.527  INFO 4082 --- [main] o.h.a.c.Version                          : HCANN000001: Hibernate Commons Annotations {5.1.0.Final}
2020-01-13 15:39:55.615  INFO 4082 --- [main] o.h.d.Dialect                            : HHH000400: Using dialect: org.hibernate.dialect.MySQL57Dialect
2020-01-13 15:39:56.139  INFO 4082 --- [main] o.h.e.t.j.p.i.JtaPlatformInitiator       : HHH000490: Using JtaPlatform implementation: [org.hibernate.engine.transaction.jta.platform.internal.NoJtaPlatform]
2020-01-13 15:39:56.147  INFO 4082 --- [main] j.LocalContainerEntityManagerFactoryBean : Initialized JPA EntityManagerFactory for persistence unit 'default'
2020-01-13 15:39:56.569  WARN 4082 --- [main] JpaBaseConfiguration$JpaWebConfiguration : spring.jpa.open-in-view is enabled by default. Therefore, database queries may be performed during view rendering. Explicitly configure spring.jpa.open-in-view to disable this warning
2020-01-13 15:39:56.663 DEBUG 4082 --- [main] s.w.s.m.m.a.RequestMappingHandlerMapping : 6 mappings in 'requestMappingHandlerMapping'
2020-01-13 15:39:56.719  INFO 4082 --- [main] pertySourcedRequestMappingHandlerMapping : Mapped URL path [/v2/api-docs] onto method [springfox.documentation.swagger2.web.Swagger2Controller#getDocumentation(String, HttpServletRequest)]
2020-01-13 15:39:56.830  INFO 4082 --- [main] o.s.s.c.ThreadPoolTaskExecutor           : Initializing ExecutorService 'applicationTaskExecutor'
2020-01-13 15:39:56.862 DEBUG 4082 --- [main] s.w.s.m.m.a.RequestMappingHandlerAdapter : ControllerAdvice beans: 0 @ModelAttribute, 0 @InitBinder, 1 RequestBodyAdvice, 1 ResponseBodyAdvice
2020-01-13 15:39:56.898 DEBUG 4082 --- [main] o.s.w.s.h.SimpleUrlHandlerMapping        : Patterns [/webjars/**, /**, /swagger-ui.html] in 'resourceHandlerMapping'
2020-01-13 15:39:56.905 DEBUG 4082 --- [main] .m.m.a.ExceptionHandlerExceptionResolver : ControllerAdvice beans: 0 @ExceptionHandler, 1 ResponseBodyAdvice
2020-01-13 15:39:56.962  INFO 4082 --- [main] d.s.w.p.DocumentationPluginsBootstrapper : Context refreshed
2020-01-13 15:39:56.976  INFO 4082 --- [main] d.s.w.p.DocumentationPluginsBootstrapper : Found 1 custom documentation plugin(s)
2020-01-13 15:39:56.997  INFO 4082 --- [main] s.d.s.w.s.ApiListingReferenceScanner     : Scanning for api listing references
2020-01-13 15:39:57.082  INFO 4082 --- [main] .d.s.w.r.o.CachingOperationNameGenerator : Generating unique operation named: testQueryUsingGET_1
2020-01-13 15:39:57.085  INFO 4082 --- [main] .d.s.w.r.o.CachingOperationNameGenerator : Generating unique operation named: testQueryUsingGET_2
2020-01-13 15:39:57.088  INFO 4082 --- [main] .d.s.w.r.o.CachingOperationNameGenerator : Generating unique operation named: testQueryUsingGET_3
2020-01-13 15:39:57.091  INFO 4082 --- [main] .d.s.w.r.o.CachingOperationNameGenerator : Generating unique operation named: testQueryUsingGET_4
2020-01-13 15:39:57.093  INFO 4082 --- [main] .d.s.w.r.o.CachingOperationNameGenerator : Generating unique operation named: testQueryUsingGET_5
2020-01-13 15:39:57.095  INFO 4082 --- [main] .d.s.w.r.o.CachingOperationNameGenerator : Generating unique operation named: testQueryUsingGET_6
2020-01-13 15:39:57.098  INFO 4082 --- [main] .d.s.w.r.o.CachingOperationNameGenerator : Generating unique operation named: testQueryUsingGET_7
2020-01-13 15:39:57.162  INFO 4082 --- [main] o.s.b.w.e.t.TomcatWebServer              : Tomcat started on port(s): 8887 (http) with context path ''
2020-01-13 15:39:57.165  INFO 4082 --- [main] c.e.d.DemoApplication                    : Started DemoApplication in 4.292 seconds (JVM running for 7.519)
${file.log.patten.trace}${file.log.patten.trace}${file.log.patten.trace}${file.log.patten.trace}${file.log.patten.trace}${file.log.patten.trace}${file.log.patten.trace}${file.log.patten.trace}${file.log.patten.trace}${file.log.patten.trace}${file.log.patten.trace}${file.log.patten.trace}${file.log.patten.trace}${file.log.patten.trace}${file.log.patten.trace}${file.log.patten.trace}${file.log.patten.trace}${file.log.patten.trace}${file.log.patten.trace}${file.log.patten.trace}${file.log.patten.trace}${file.log.patten.trace}${file.log.patten.trace}${file.log.patten.trace}${file.log.patten.trace}${file.log.patten.trace}${file.log.patten.trace}${file.log.patten.trace}${file.log.patten.trace}${file.log.patten.trace}${file.log.patten.trace}${file.log.patten.trace}${file.log.patten.trace}${file.log.patten.trace}${file.log.patten.trace}${file.log.patten.trace}${file.log.patten.trace}${file.log.patten.trace}${file.log.patten.trace}${file.log.patten.trace}${file.log.patten.trace}${file.log.patten.trace}${file.log.patten.trace}${file.log.patten.trace}${file.log.patten.trace}${file.log.patten.trace}${file.log.patten.trace}${file.log.patten.trace}${file.log.patten.trace}${file.log.patten.trace}${file.log.patten.trace}${file.log.patten.trace}${file.log.patten.trace}${file.log.patten.trace}${file.log.patten.trace}${file.log.patten.trace}${file.log.patten.trace}${file.log.patten.trace}${file.log.patten.trace}${file.log.patten.trace}${file.log.patten.trace}${file.log.patten.trace}${file.log.patten.trace}${file.log.patten.trace}${file.log.patten.trace}${file.log.patten.trace}${file.log.patten.trace}${file.log.patten.trace}${file.log.patten.trace}${file.log.patten.trace}${file.log.patten.trace}${file.log.patten.trace}${file.log.patten.trace}2020-01-13 15:47:26.329  INFO 4219 --- [main] c.e.d.DemoApplication                    : Starting DemoApplication on ～ with PID 4219 (/Users/jiaoshengting/work/ideaProjects/demo/target/classes started by jiaoshengting in /Users/jiaoshengting/work/ideaProjects/demo)
2020-01-13 15:47:26.338  INFO 4219 --- [main] c.e.d.DemoApplication                    : No active profile set, falling back to default profiles: default
2020-01-13 15:47:27.024  INFO 4219 --- [main] .s.d.r.c.RepositoryConfigurationDelegate : Bootstrapping Spring Data JPA repositories in DEFAULT mode.
2020-01-13 15:47:27.086  INFO 4219 --- [main] .s.d.r.c.RepositoryConfigurationDelegate : Finished Spring Data repository scanning in 54ms. Found 3 JPA repository interfaces.
2020-01-13 15:47:27.353  INFO 4219 --- [main] trationDelegate$BeanPostProcessorChecker : Bean 'org.springframework.transaction.annotation.ProxyTransactionManagementConfiguration' of type [org.springframework.transaction.annotation.ProxyTransactionManagementConfiguration] is not eligible for getting processed by all BeanPostProcessors (for example: not eligible for auto-proxying)
2020-01-13 15:47:27.757  INFO 4219 --- [main] o.s.b.w.e.t.TomcatWebServer              : Tomcat initialized with port(s): 8887 (http)
2020-01-13 15:47:27.767  INFO 4219 --- [main] o.a.c.c.StandardService                  : Starting service [Tomcat]
2020-01-13 15:47:27.767  INFO 4219 --- [main] o.a.c.c.StandardEngine                   : Starting Servlet engine: [Apache Tomcat/9.0.29]
2020-01-13 15:47:27.860  INFO 4219 --- [main] o.a.c.c.C.[.[.[/]                        : Initializing Spring embedded WebApplicationContext
2020-01-13 15:47:27.860 DEBUG 4219 --- [main] o.s.w.c.ContextLoader                    : Published root WebApplicationContext as ServletContext attribute with name [org.springframework.web.context.WebApplicationContext.ROOT]
2020-01-13 15:47:27.860  INFO 4219 --- [main] o.s.w.c.ContextLoader                    : Root WebApplicationContext: initialization completed in 1474 ms
2020-01-13 15:47:27.977  INFO 4219 --- [main] c.z.h.HikariDataSource                   : HikariPool-1 - Starting...
2020-01-13 15:47:27.978  WARN 4219 --- [main] c.z.h.u.DriverDataSource                 : Registered driver with driverClassName=com.mysql.jdbc.Driver was not found, trying direct instantiation.
2020-01-13 15:47:28.100  INFO 4219 --- [main] c.z.h.HikariDataSource                   : HikariPool-1 - Start completed.
2020-01-13 15:47:28.165  INFO 4219 --- [main] o.h.j.i.u.LogHelper                      : HHH000204: Processing PersistenceUnitInfo [name: default]
2020-01-13 15:47:28.226  INFO 4219 --- [main] o.h.Version                              : HHH000412: Hibernate Core {5.4.9.Final}
2020-01-13 15:47:28.339  INFO 4219 --- [main] o.h.a.c.Version                          : HCANN000001: Hibernate Commons Annotations {5.1.0.Final}
2020-01-13 15:47:28.438  INFO 4219 --- [main] o.h.d.Dialect                            : HHH000400: Using dialect: org.hibernate.dialect.MySQL57Dialect
2020-01-13 15:47:28.995  INFO 4219 --- [main] o.h.e.t.j.p.i.JtaPlatformInitiator       : HHH000490: Using JtaPlatform implementation: [org.hibernate.engine.transaction.jta.platform.internal.NoJtaPlatform]
2020-01-13 15:47:29.004  INFO 4219 --- [main] j.LocalContainerEntityManagerFactoryBean : Initialized JPA EntityManagerFactory for persistence unit 'default'
2020-01-13 15:47:29.437  WARN 4219 --- [main] JpaBaseConfiguration$JpaWebConfiguration : spring.jpa.open-in-view is enabled by default. Therefore, database queries may be performed during view rendering. Explicitly configure spring.jpa.open-in-view to disable this warning
2020-01-13 15:47:29.534 DEBUG 4219 --- [main] s.w.s.m.m.a.RequestMappingHandlerMapping : 6 mappings in 'requestMappingHandlerMapping'
2020-01-13 15:47:29.589  INFO 4219 --- [main] pertySourcedRequestMappingHandlerMapping : Mapped URL path [/v2/api-docs] onto method [springfox.documentation.swagger2.web.Swagger2Controller#getDocumentation(String, HttpServletRequest)]
2020-01-13 15:47:29.701  INFO 4219 --- [main] o.s.s.c.ThreadPoolTaskExecutor           : Initializing ExecutorService 'applicationTaskExecutor'
2020-01-13 15:47:29.737 DEBUG 4219 --- [main] s.w.s.m.m.a.RequestMappingHandlerAdapter : ControllerAdvice beans: 0 @ModelAttribute, 0 @InitBinder, 1 RequestBodyAdvice, 1 ResponseBodyAdvice
2020-01-13 15:47:29.778 DEBUG 4219 --- [main] o.s.w.s.h.SimpleUrlHandlerMapping        : Patterns [/webjars/**, /**, /swagger-ui.html] in 'resourceHandlerMapping'
2020-01-13 15:47:29.786 DEBUG 4219 --- [main] .m.m.a.ExceptionHandlerExceptionResolver : ControllerAdvice beans: 0 @ExceptionHandler, 1 ResponseBodyAdvice
2020-01-13 15:47:29.853  INFO 4219 --- [main] d.s.w.p.DocumentationPluginsBootstrapper : Context refreshed
2020-01-13 15:47:29.869  INFO 4219 --- [main] d.s.w.p.DocumentationPluginsBootstrapper : Found 1 custom documentation plugin(s)
2020-01-13 15:47:29.892  INFO 4219 --- [main] s.d.s.w.s.ApiListingReferenceScanner     : Scanning for api listing references
2020-01-13 15:47:29.974  INFO 4219 --- [main] .d.s.w.r.o.CachingOperationNameGenerator : Generating unique operation named: testQueryUsingGET_1
2020-01-13 15:47:29.978  INFO 4219 --- [main] .d.s.w.r.o.CachingOperationNameGenerator : Generating unique operation named: testQueryUsingGET_2
2020-01-13 15:47:29.980  INFO 4219 --- [main] .d.s.w.r.o.CachingOperationNameGenerator : Generating unique operation named: testQueryUsingGET_3
2020-01-13 15:47:29.982  INFO 4219 --- [main] .d.s.w.r.o.CachingOperationNameGenerator : Generating unique operation named: testQueryUsingGET_4
2020-01-13 15:47:29.985  INFO 4219 --- [main] .d.s.w.r.o.CachingOperationNameGenerator : Generating unique operation named: testQueryUsingGET_5
2020-01-13 15:47:29.987  INFO 4219 --- [main] .d.s.w.r.o.CachingOperationNameGenerator : Generating unique operation named: testQueryUsingGET_6
2020-01-13 15:47:29.990  INFO 4219 --- [main] .d.s.w.r.o.CachingOperationNameGenerator : Generating unique operation named: testQueryUsingGET_7
2020-01-13 15:47:30.046  INFO 4219 --- [main] o.s.b.w.e.t.TomcatWebServer              : Tomcat started on port(s): 8887 (http) with context path ''
2020-01-13 15:47:30.049  INFO 4219 --- [main] c.e.d.DemoApplication                    : Started DemoApplication in 4.202 seconds (JVM running for 8.403)
2020-01-13 15:47:38.937  INFO 4219 --- [http-nio-8887-exec-1] o.a.c.c.C.[.[.[/]                        : Initializing Spring DispatcherServlet 'dispatcherServlet'
2020-01-13 15:47:38.937  INFO 4219 --- [http-nio-8887-exec-1] o.s.w.s.DispatcherServlet                : Initializing Servlet 'dispatcherServlet'
2020-01-13 15:47:38.937 DEBUG 4219 --- [http-nio-8887-exec-1] o.s.w.s.DispatcherServlet                : Detected StandardServletMultipartResolver
2020-01-13 15:47:38.946 DEBUG 4219 --- [http-nio-8887-exec-1] o.s.w.s.DispatcherServlet                : enableLoggingRequestDetails='false': request parameters and headers will be masked to prevent unsafe logging of potentially sensitive data
2020-01-13 15:47:38.946  INFO 4219 --- [http-nio-8887-exec-1] o.s.w.s.DispatcherServlet                : Completed initialization in 9 ms
2020-01-13 15:47:38.965 DEBUG 4219 --- [http-nio-8887-exec-1] o.s.w.s.DispatcherServlet                : GET "/swagger-ui.html", parameters={}
2020-01-13 15:47:38.976 DEBUG 4219 --- [http-nio-8887-exec-1] o.s.w.s.h.SimpleUrlHandlerMapping        : Mapped to ResourceHttpRequestHandler ["classpath:/META-INF/resources/"]
2020-01-13 15:47:38.983 DEBUG 4219 --- [http-nio-8887-exec-1] o.s.w.s.DispatcherServlet                : Completed 304 NOT_MODIFIED
2020-01-13 15:47:39.016 DEBUG 4219 --- [http-nio-8887-exec-2] o.s.w.s.DispatcherServlet                : GET "/webjars/springfox-swagger-ui/springfox.css?v=2.9.2", parameters={masked}
2020-01-13 15:47:39.016 DEBUG 4219 --- [http-nio-8887-exec-3] o.s.w.s.DispatcherServlet                : GET "/webjars/springfox-swagger-ui/swagger-ui.css?v=2.9.2", parameters={masked}
2020-01-13 15:47:39.019 DEBUG 4219 --- [http-nio-8887-exec-2] o.s.w.s.h.SimpleUrlHandlerMapping        : Mapped to ResourceHttpRequestHandler ["classpath:/META-INF/resources/webjars/"]
2020-01-13 15:47:39.019 DEBUG 4219 --- [http-nio-8887-exec-3] o.s.w.s.h.SimpleUrlHandlerMapping        : Mapped to ResourceHttpRequestHandler ["classpath:/META-INF/resources/webjars/"]
2020-01-13 15:47:39.020 DEBUG 4219 --- [http-nio-8887-exec-3] o.s.w.s.DispatcherServlet                : Completed 304 NOT_MODIFIED
2020-01-13 15:47:39.020 DEBUG 4219 --- [http-nio-8887-exec-2] o.s.w.s.DispatcherServlet                : Completed 304 NOT_MODIFIED
2020-01-13 15:47:39.034 DEBUG 4219 --- [http-nio-8887-exec-4] o.s.w.s.DispatcherServlet                : GET "/webjars/springfox-swagger-ui/swagger-ui-bundle.js?v=2.9.2", parameters={masked}
2020-01-13 15:47:39.034 DEBUG 4219 --- [http-nio-8887-exec-5] o.s.w.s.DispatcherServlet                : GET "/webjars/springfox-swagger-ui/swagger-ui-standalone-preset.js?v=2.9.2", parameters={masked}
2020-01-13 15:47:39.035 DEBUG 4219 --- [http-nio-8887-exec-4] o.s.w.s.h.SimpleUrlHandlerMapping        : Mapped to ResourceHttpRequestHandler ["classpath:/META-INF/resources/webjars/"]
2020-01-13 15:47:39.035 DEBUG 4219 --- [http-nio-8887-exec-6] o.s.w.s.DispatcherServlet                : GET "/webjars/springfox-swagger-ui/springfox.js?v=2.9.2", parameters={masked}
2020-01-13 15:47:39.035 DEBUG 4219 --- [http-nio-8887-exec-5] o.s.w.s.h.SimpleUrlHandlerMapping        : Mapped to ResourceHttpRequestHandler ["classpath:/META-INF/resources/webjars/"]
2020-01-13 15:47:39.035 DEBUG 4219 --- [http-nio-8887-exec-6] o.s.w.s.h.SimpleUrlHandlerMapping        : Mapped to ResourceHttpRequestHandler ["classpath:/META-INF/resources/webjars/"]
2020-01-13 15:47:39.036 DEBUG 4219 --- [http-nio-8887-exec-5] o.s.w.s.DispatcherServlet                : Completed 304 NOT_MODIFIED
2020-01-13 15:47:39.036 DEBUG 4219 --- [http-nio-8887-exec-6] o.s.w.s.DispatcherServlet                : Completed 304 NOT_MODIFIED
2020-01-13 15:47:39.152 DEBUG 4219 --- [http-nio-8887-exec-4] o.s.w.s.DispatcherServlet                : Completed 200 OK
2020-01-13 15:47:39.300 DEBUG 4219 --- [http-nio-8887-exec-7] o.s.w.s.DispatcherServlet                : GET "/swagger-resources/configuration/ui", parameters={}
2020-01-13 15:47:39.302 DEBUG 4219 --- [http-nio-8887-exec-7] s.w.s.m.m.a.RequestMappingHandlerMapping : Mapped to springfox.documentation.swagger.web.ApiResourceController#uiConfiguration()
2020-01-13 15:47:39.414 DEBUG 4219 --- [http-nio-8887-exec-7] o.s.w.s.m.m.a.HttpEntityMethodProcessor  : Using 'application/json', given [application/json] and supported [application/json, application/*+json, application/json, application/*+json]
2020-01-13 15:47:39.415 DEBUG 4219 --- [http-nio-8887-exec-7] o.s.w.s.m.m.a.HttpEntityMethodProcessor  : Writing [springfox.documentation.swagger.web.UiConfiguration@6908ae1b]
2020-01-13 15:47:39.434 DEBUG 4219 --- [http-nio-8887-exec-7] o.s.w.s.DispatcherServlet                : Completed 200 OK
2020-01-13 15:47:39.438 DEBUG 4219 --- [http-nio-8887-exec-8] o.s.w.s.DispatcherServlet                : GET "/swagger-resources/configuration/security", parameters={}
2020-01-13 15:47:39.439 DEBUG 4219 --- [http-nio-8887-exec-8] s.w.s.m.m.a.RequestMappingHandlerMapping : Mapped to springfox.documentation.swagger.web.ApiResourceController#securityConfiguration()
2020-01-13 15:47:39.445 DEBUG 4219 --- [http-nio-8887-exec-8] o.s.w.s.m.m.a.HttpEntityMethodProcessor  : Using 'application/json', given [application/json] and supported [application/json, application/*+json, application/json, application/*+json]
2020-01-13 15:47:39.446 DEBUG 4219 --- [http-nio-8887-exec-8] o.s.w.s.m.m.a.HttpEntityMethodProcessor  : Writing [springfox.documentation.swagger.web.SecurityConfiguration@3e37a4ea]
2020-01-13 15:47:39.446 DEBUG 4219 --- [http-nio-8887-exec-8] o.s.w.s.DispatcherServlet                : Completed 200 OK
2020-01-13 15:47:39.451 DEBUG 4219 --- [http-nio-8887-exec-9] o.s.w.s.DispatcherServlet                : GET "/swagger-resources", parameters={}
2020-01-13 15:47:39.451 DEBUG 4219 --- [http-nio-8887-exec-9] s.w.s.m.m.a.RequestMappingHandlerMapping : Mapped to springfox.documentation.swagger.web.ApiResourceController#swaggerResources()
2020-01-13 15:47:39.457 DEBUG 4219 --- [http-nio-8887-exec-9] o.s.w.s.m.m.a.HttpEntityMethodProcessor  : Using 'application/json', given [application/json] and supported [application/json, application/*+json, application/json, application/*+json]
2020-01-13 15:47:39.458 DEBUG 4219 --- [http-nio-8887-exec-9] o.s.w.s.m.m.a.HttpEntityMethodProcessor  : Writing [[springfox.documentation.swagger.web.SwaggerResource@553defdb]]
2020-01-13 15:47:39.461 DEBUG 4219 --- [http-nio-8887-exec-9] o.s.w.s.DispatcherServlet                : Completed 200 OK
2020-01-13 15:47:39.491 DEBUG 4219 --- [http-nio-8887-exec-1] o.s.w.s.DispatcherServlet                : GET "/", parameters={}
2020-01-13 15:47:39.491 DEBUG 4219 --- [http-nio-8887-exec-10] o.s.w.s.DispatcherServlet                : GET "/v2/api-docs", parameters={}
2020-01-13 15:47:39.491 DEBUG 4219 --- [http-nio-8887-exec-1] o.s.w.s.h.SimpleUrlHandlerMapping        : Mapped to ResourceHttpRequestHandler ["classpath:/META-INF/resources/", "classpath:/resources/", "classpath:/static/", "classpath:/public/", "/"]
2020-01-13 15:47:39.492 DEBUG 4219 --- [http-nio-8887-exec-1] o.s.w.s.r.ResourceHttpRequestHandler     : Resource not found
2020-01-13 15:47:39.492 DEBUG 4219 --- [http-nio-8887-exec-1] o.s.w.s.DispatcherServlet                : Completed 404 NOT_FOUND
2020-01-13 15:47:39.498 DEBUG 4219 --- [http-nio-8887-exec-2] o.s.w.s.DispatcherServlet                : GET "/webjars/springfox-swagger-ui/fonts/titillium-web-v6-latin-700.woff2", parameters={}
2020-01-13 15:47:39.499 DEBUG 4219 --- [http-nio-8887-exec-2] o.s.w.s.h.SimpleUrlHandlerMapping        : Mapped to ResourceHttpRequestHandler ["classpath:/META-INF/resources/webjars/"]
2020-01-13 15:47:39.499 DEBUG 4219 --- [http-nio-8887-exec-2] o.s.w.s.DispatcherServlet                : Completed 304 NOT_MODIFIED
2020-01-13 15:47:39.500 DEBUG 4219 --- [http-nio-8887-exec-1] o.s.w.s.DispatcherServlet                : "ERROR" dispatch for GET "/error", parameters={}
2020-01-13 15:47:39.501 DEBUG 4219 --- [http-nio-8887-exec-1] s.w.s.m.m.a.RequestMappingHandlerMapping : Mapped to org.springframework.boot.autoconfigure.web.servlet.error.BasicErrorController#error(HttpServletRequest)
2020-01-13 15:47:39.509 DEBUG 4219 --- [http-nio-8887-exec-1] o.s.w.s.m.m.a.HttpEntityMethodProcessor  : Using 'application/json', given [*/*] and supported [application/json, application/*+json, application/json, application/*+json]
2020-01-13 15:47:39.509 DEBUG 4219 --- [http-nio-8887-exec-1] o.s.w.s.m.m.a.HttpEntityMethodProcessor  : Writing [{timestamp=Mon Jan 13 15:47:39 CST 2020, status=404, error=Not Found, message=No message available,  (truncated)...]
2020-01-13 15:47:39.514 DEBUG 4219 --- [http-nio-8887-exec-1] o.s.w.s.DispatcherServlet                : Exiting from "ERROR" dispatch, status 404
2020-01-13 15:47:39.518 DEBUG 4219 --- [http-nio-8887-exec-3] o.s.w.s.DispatcherServlet                : GET "/csrf", parameters={}
2020-01-13 15:47:39.519 DEBUG 4219 --- [http-nio-8887-exec-3] o.s.w.s.h.SimpleUrlHandlerMapping        : Mapped to ResourceHttpRequestHandler ["classpath:/META-INF/resources/", "classpath:/resources/", "classpath:/static/", "classpath:/public/", "/"]
2020-01-13 15:47:39.520 DEBUG 4219 --- [http-nio-8887-exec-3] o.s.w.s.r.ResourceHttpRequestHandler     : Resource not found
2020-01-13 15:47:39.520 DEBUG 4219 --- [http-nio-8887-exec-3] o.s.w.s.DispatcherServlet                : Completed 404 NOT_FOUND
2020-01-13 15:47:39.520 DEBUG 4219 --- [http-nio-8887-exec-3] o.s.w.s.DispatcherServlet                : "ERROR" dispatch for GET "/error", parameters={}
2020-01-13 15:47:39.521 DEBUG 4219 --- [http-nio-8887-exec-3] s.w.s.m.m.a.RequestMappingHandlerMapping : Mapped to org.springframework.boot.autoconfigure.web.servlet.error.BasicErrorController#error(HttpServletRequest)
2020-01-13 15:47:39.521 DEBUG 4219 --- [http-nio-8887-exec-3] o.s.w.s.m.m.a.HttpEntityMethodProcessor  : Using 'application/json', given [*/*] and supported [application/json, application/*+json, application/json, application/*+json]
202020-01-13 15:48:58.395  INFO 4239 --- [main] c.e.d.DemoApplication                    : Starting DemoApplication on ～ with PID 4239 (/Users/jiaoshengting/work/ideaProjects/demo/target/classes started by jiaoshengting in /Users/jiaoshengting/work/ideaProjects/demo)
2020-01-13 15:48:58.407  INFO 4239 --- [main] c.e.d.DemoApplication                    : No active profile set, falling back to default profiles: default
2020-01-13 15:48:59.261  INFO 4239 --- [main] .s.d.r.c.RepositoryConfigurationDelegate : Bootstrapping Spring Data JPA repositories in DEFAULT mode.
2020-01-13 15:48:59.333  INFO 4239 --- [main] .s.d.r.c.RepositoryConfigurationDelegate : Finished Spring Data repository scanning in 63ms. Found 3 JPA repository interfaces.
2020-01-13 15:48:59.815  INFO 4239 --- [main] trationDelegate$BeanPostProcessorChecker : Bean 'org.springframework.transaction.annotation.ProxyTransactionManagementConfiguration' of type [org.springframework.transaction.annotation.ProxyTransactionManagementConfiguration] is not eligible for getting processed by all BeanPostProcessors (for example: not eligible for auto-proxying)
2020-01-13 15:49:00.312  INFO 4239 --- [main] o.s.b.w.e.t.TomcatWebServer              : Tomcat initialized with port(s): 8887 (http)
2020-01-13 15:49:00.322  INFO 4239 --- [main] o.a.c.c.StandardService                  : Starting service [Tomcat]
2020-01-13 15:49:00.323  INFO 4239 --- [main] o.a.c.c.StandardEngine                   : Starting Servlet engine: [Apache Tomcat/9.0.29]
2020-01-13 15:49:00.418  INFO 4239 --- [main] o.a.c.c.C.[.[.[/]                        : Initializing Spring embedded WebApplicationContext
2020-01-13 15:49:00.418 DEBUG 4239 --- [main] o.s.w.c.ContextLoader                    : Published root WebApplicationContext as ServletContext attribute with name [org.springframework.web.context.WebApplicationContext.ROOT]
2020-01-13 15:49:00.418  INFO 4239 --- [main] o.s.w.c.ContextLoader                    : Root WebApplicationContext: initialization completed in 1946 ms
2020-01-13 15:49:00.560  INFO 4239 --- [main] c.z.h.HikariDataSource                   : HikariPool-1 - Starting...
2020-01-13 15:49:00.562  WARN 4239 --- [main] c.z.h.u.DriverDataSource                 : Registered driver with driverClassName=com.mysql.jdbc.Driver was not found, trying direct instantiation.
2020-01-13 15:49:00.696  INFO 4239 --- [main] c.z.h.HikariDataSource                   : HikariPool-1 - Start completed.
2020-01-13 15:49:00.760  INFO 4239 --- [main] o.h.j.i.u.LogHelper                      : HHH000204: Processing PersistenceUnitInfo [name: default]
2020-01-13 15:49:00.838  INFO 4239 --- [main] o.h.Version                              : HHH000412: Hibernate Core {5.4.9.Final}
2020-01-13 15:49:00.963  INFO 4239 --- [main] o.h.a.c.Version                          : HCANN000001: Hibernate Commons Annotations {5.1.0.Final}
2020-01-13 15:49:01.089  INFO 4239 --- [main] o.h.d.Dialect                            : HHH000400: Using dialect: org.hibernate.dialect.MySQL57Dialect
2020-01-13 15:49:01.708  INFO 4239 --- [main] o.h.e.t.j.p.i.JtaPlatformInitiator       : HHH000490: Using JtaPlatform implementation: [org.hibernate.engine.transaction.jta.platform.internal.NoJtaPlatform]
2020-01-13 15:49:01.718  INFO 4239 --- [main] j.LocalContainerEntityManagerFactoryBean : Initialized JPA EntityManagerFactory for persistence unit 'default'
2020-01-13 15:49:02.231  WARN 4239 --- [main] JpaBaseConfiguration$JpaWebConfiguration : spring.jpa.open-in-view is enabled by default. Therefore, database queries may be performed during view rendering. Explicitly configure spring.jpa.open-in-view to disable this warning
2020-01-13 15:49:02.331 DEBUG 4239 --- [main] s.w.s.m.m.a.RequestMappingHandlerMapping : 6 mappings in 'requestMappingHandlerMapping'
2020-01-13 15:49:02.387  INFO 4239 --- [main] pertySourcedRequestMappingHandlerMapping : Mapped URL path [/v2/api-docs] onto method [springfox.documentation.swagger2.web.Swagger2Controller#getDocumentation(String, HttpServletRequest)]
2020-01-13 15:49:02.518  INFO 4239 --- [main] o.s.s.c.ThreadPoolTaskExecutor           : Initializing ExecutorService 'applicationTaskExecutor'
2020-01-13 15:49:02.554 DEBUG 4239 --- [main] s.w.s.m.m.a.RequestMappingHandlerAdapter : ControllerAdvice beans: 0 @ModelAttribute, 0 @InitBinder, 1 RequestBodyAdvice, 1 ResponseBodyAdvice
2020-01-13 15:49:02.595 DEBUG 4239 --- [main] o.s.w.s.h.SimpleUrlHandlerMapping        : Patterns [/webjars/**, /**, /swagger-ui.html] in 'resourceHandlerMapping'
2020-01-13 15:49:02.602 DEBUG 4239 --- [main] .m.m.a.ExceptionHandlerExceptionResolver : ControllerAdvice beans: 0 @ExceptionHandler, 1 ResponseBodyAdvice
2020-01-13 15:49:02.667  INFO 4239 --- [main] d.s.w.p.DocumentationPluginsBootstrapper : Context refreshed
2020-01-13 15:49:02.684  INFO 4239 --- [main] d.s.w.p.DocumentationPluginsBootstrapper : Found 1 custom documentation plugin(s)
2020-01-13 15:49:02.710  INFO 4239 --- [main] s.d.s.w.s.ApiListingReferenceScanner     : Scanning for api listing references
2020-01-13 15:49:02.824  INFO 4239 --- [main] .d.s.w.r.o.CachingOperationNameGenerator : Generating unique operation named: testQueryUsingGET_1
2020-01-13 15:49:02.828  INFO 4239 --- [main] .d.s.w.r.o.CachingOperationNameGenerator : Generating unique operation named: testQueryUsingGET_2
2020-01-13 15:49:02.831  INFO 4239 --- [main] .d.s.w.r.o.CachingOperationNameGenerator : Generating unique operation named: testQueryUsingGET_3
2020-01-13 15:49:02.836  INFO 4239 --- [main] .d.s.w.r.o.CachingOperationNameGenerator : Generating unique operation named: testQueryUsingGET_4
2020-01-13 15:49:02.839  INFO 4239 --- [main] .d.s.w.r.o.CachingOperationNameGenerator : Generating unique operation named: testQueryUsingGET_5
2020-01-13 15:49:02.843  INFO 4239 --- [main] .d.s.w.r.o.CachingOperationNameGenerator : Generating unique operation named: testQueryUsingGET_6
2020-01-13 15:49:02.846  INFO 4239 --- [main] .d.s.w.r.o.CachingOperationNameGenerator : Generating unique operation named: testQueryUsingGET_7
2020-01-13 15:49:02.904  INFO 4239 --- [main] o.s.b.w.e.t.TomcatWebServer              : Tomcat started on port(s): 8887 (http) with context path ''
2020-01-13 15:49:02.907  INFO 4239 --- [main] c.e.d.DemoApplication                    : Started DemoApplication in 5.086 seconds (JVM running for 9.996)
2020-01-13 15:49:13.498  INFO 4239 --- [http-nio-8887-exec-1] o.a.c.c.C.[.[.[/]                        : Initializing Spring DispatcherServlet 'dispatcherServlet'
2020-01-13 15:49:13.498  INFO 4239 --- [http-nio-8887-exec-1] o.s.w.s.DispatcherServlet                : Initializing Servlet 'dispatcherServlet'
2020-01-13 15:49:13.498 DEBUG 4239 --- [http-nio-8887-exec-1] o.s.w.s.DispatcherServlet                : Detected StandardServletMultipartResolver
2020-01-13 15:49:13.506 DEBUG 4239 --- [http-nio-8887-exec-1] o.s.w.s.DispatcherServlet                : enableLoggingRequestDetails='false': request parameters and headers will be masked to prevent unsafe logging of potentially sensitive data
2020-01-13 15:49:13.506  INFO 4239 --- [http-nio-8887-exec-1] o.s.w.s.DispatcherServlet                : Completed initialization in 8 ms
2020-01-13 15:49:13.517 DEBUG 4239 --- [http-nio-8887-exec-1] o.s.w.s.DispatcherServlet                : GET "/swagger-ui.html", parameters={}
2020-01-13 15:49:13.525 DEBUG 4239 --- [http-nio-8887-exec-1] o.s.w.s.h.SimpleUrlHandlerMapping        : Mapped to ResourceHttpRequestHandler ["classpath:/META-INF/resources/"]
2020-01-13 15:49:13.531 DEBUG 4239 --- [http-nio-8887-exec-1] o.s.w.s.DispatcherServlet                : Completed 304 NOT_MODIFIED
2020-01-13 15:49:13.751 DEBUG 4239 --- [http-nio-8887-exec-2] o.s.w.s.DispatcherServlet                : GET "/swagger-resources/configuration/ui", parameters={}
2020-01-13 15:49:13.753 DEBUG 4239 --- [http-nio-8887-exec-2] s.w.s.m.m.a.RequestMappingHandlerMapping : Mapped to springfox.documentation.swagger.web.ApiResourceController#uiConfiguration()
2020-01-13 15:49:13.843 DEBUG 4239 --- [http-nio-8887-exec-2] o.s.w.s.m.m.a.HttpEntityMethodProcessor  : Using 'application/json', given [application/json] and supported [application/json, application/*+json, application/json, application/*+json]
2020-01-13 15:49:13.844 DEBUG 4239 --- [http-nio-8887-exec-2] o.s.w.s.m.m.a.HttpEntityMethodProcessor  : Writing [springfox.documentation.swagger.web.UiConfiguration@7901959]
2020-01-13 15:49:13.860 DEBUG 4239 --- [http-nio-8887-exec-2] o.s.w.s.DispatcherServlet                : Completed 200 OK
2020-01-13 15:49:13.865 DEBUG 4239 --- [http-nio-8887-exec-3] o.s.w.s.DispatcherServlet                : GET "/swagger-resources/configuration/security", parameters={}
2020-01-13 15:49:13.865 DEBUG 4239 --- [http-nio-8887-exec-3] s.w.s.m.m.a.RequestMappingHandlerMapping : Mapped to springfox.documentation.swagger.web.ApiResourceController#securityConfiguration()
2020-01-13 15:49:13.871 DEBUG 4239 --- [http-nio-8887-exec-3] o.s.w.s.m.m.a.HttpEntityMethodProcessor  : Using 'application/json', given [application/json] and supported [application/json, application/*+json, application/json, application/*+json]
2020-01-13 15:49:13.872 DEBUG 4239 --- [http-nio-8887-exec-3] o.s.w.s.m.m.a.HttpEntityMethodProcessor  : Writing [springfox.documentation.swagger.web.SecurityConfiguration@caa1f73]
2020-01-13 15:49:13.873 DEBUG 4239 --- [http-nio-8887-exec-3] o.s.w.s.DispatcherServlet                : Completed 200 OK
2020-01-13 15:49:13.879 DEBUG 4239 --- [http-nio-8887-exec-4] o.s.w.s.DispatcherServlet                : GET "/swagger-resources", parameters={}
2020-01-13 15:49:13.879 DEBUG 4239 --- [http-nio-8887-exec-4] s.w.s.m.m.a.RequestMappingHandlerMapping : Mapped to springfox.documentation.swagger.web.ApiResourceController#swaggerResources()
2020-01-13 15:49:13.885 DEBUG 4239 --- [http-nio-8887-exec-4] o.s.w.s.m.m.a.HttpEntityMethodProcessor  : Using 'application/json', given [application/json] and supported [application/json, application/*+json, application/json, application/*+json]
2020-01-13 15:49:13.885 DEBUG 4239 --- [http-nio-8887-exec-4] o.s.w.s.m.m.a.HttpEntityMethodProcessor  : Writing [[springfox.documentation.swagger.web.SwaggerResource@262ce15e]]
2020-01-13 15:49:13.889 DEBUG 4239 --- [http-nio-8887-exec-4] o.s.w.s.DispatcherServlet                : Completed 200 OK
2020-01-13 15:49:13.955 DEBUG 4239 --- [http-nio-8887-exec-6] o.s.w.s.DispatcherServlet                : GET "/", parameters={}
2020-01-13 15:49:13.955 DEBUG 4239 --- [http-nio-8887-exec-5] o.s.w.s.DispatcherServlet                : GET "/v2/api-docs", parameters={}
2020-01-13 15:49:13.957 DEBUG 4239 --- [http-nio-8887-exec-6] o.s.w.s.h.SimpleUrlHandlerMapping        : Mapped to ResourceHttpRequestHandler ["classpath:/META-INF/resources/", "classpath:/resources/", "classpath:/static/", "classpath:/public/", "/"]
2020-01-13 15:49:13.957 DEBUG 4239 --- [http-nio-8887-exec-6] o.s.w.s.r.ResourceHttpRequestHandler     : Resource not found
2020-01-13 15:49:13.958 DEBUG 4239 --- [http-nio-8887-exec-6] o.s.w.s.DispatcherServlet                : Completed 404 NOT_FOUND
2020-01-13 15:49:13.964 DEBUG 4239 --- [http-nio-8887-exec-6] o.s.w.s.DispatcherServlet                : "ERROR" dispatch for GET "/error", parameters={}
2020-01-13 15:49:13.965 DEBUG 4239 --- [http-nio-8887-exec-6] s.w.s.m.m.a.RequestMappingHandlerMapping : Mapped to org.springframework.boot.autoconfigure.web.servlet.error.BasicErrorController#error(HttpServletRequest)
2020-01-13 15:49:13.973 DEBUG 4239 --- [http-nio-8887-exec-6] o.s.w.s.m.m.a.HttpEntityMethodProcessor  : Using 'application/json', given [*/*] and supported [application/json, application/*+json, application/json, application/*+json]
2020-01-13 15:49:13.974 DEBUG 4239 --- [http-nio-8887-exec-6] o.s.w.s.m.m.a.HttpEntityMethodProcessor  : Writing [{timestamp=Mon Jan 13 15:49:13 CST 2020, status=404, error=Not Found, message=No message available,  (truncated)...]
2020-01-13 15:49:13.981 DEBUG 4239 --- [http-nio-8887-exec-6] o.s.w.s.DispatcherServlet                : Exiting from "ERROR" dispatch, status 404
2020-01-13 15:49:13.991 DEBUG 4239 --- [http-nio-8887-exec-7] o.s.w.s.DispatcherServlet                : GET "/csrf", parameters={}
2020-01-13 15:49:13.992 DEBUG 4239 --- [http-nio-8887-exec-7] o.s.w.s.h.SimpleUrlHandlerMapping        : Mapped to ResourceHttpRequestHandler ["classpath:/META-INF/resources/", "classpath:/resources/", "classpath:/static/", "classpath:/public/", "/"]
2020-01-13 15:49:13.994 DEBUG 4239 --- [http-nio-8887-exec-7] o.s.w.s.r.ResourceHttpRequestHandler     : Resource not found
2020-01-13 15:49:13.995 DEBUG 4239 --- [http-nio-8887-exec-7] o.s.w.s.DispatcherServlet                : Completed 404 NOT_FOUND
2020-01-13 15:49:13.995 DEBUG 4239 --- [http-nio-8887-exec-7] o.s.w.s.DispatcherServlet                : "ERROR" dispatch for GET "/error", parameters={}
2020-01-13 15:49:13.996 DEBUG 4239 --- [http-nio-8887-exec-7] s.w.s.m.m.a.RequestMappingHandlerMapping : Mapped to org.springframework.boot.autoconfigure.web.servlet.error.BasicErrorController#error(HttpServletRequest)
2020-01-13 15:49:13.997 DEBUG 4239 --- [http-nio-8887-exec-7] o.s.w.s.m.m.a.HttpEntityMethodProcessor  : Using 'application/json', given [*/*] and supported [application/json, application/*+json, application/json, application/*+json]
2020-01-13 15:49:13.997 DEBUG 4239 --- [http-nio-8887-exec-7] o.s.w.s.m.m.a.HttpEntityMethodProcessor  : Writing [{timestamp=Mon Jan 13 15:49:13 CST 2020, status=404, error=Not Found, message=No message available,  (truncated)...]
2020-01-13 15:49:13.998 DEBUG 4239 --- [http-nio-8887-exec-7] o.s.w.s.DispatcherServlet                : Exiting from "ERROR" dispatch, status 404
2020-01-13 15:49:14.080 DEBUG 4239 --- [http-nio-8887-exec-5] o.s.w.s.m.m.a.HttpEntityMethodProcessor  : Using 'application/json', given [application/json, */*] and supported [application/json, application/*+json, application/json, application/*+json]
2020-01-13 15:49:14.080 DEBUG 4239 --- [http-nio-8887-exec-5] o.s.w.s.m.m.a.HttpEntityMethodProcessor  : Writing [springfox.documentation.spring.web.json.Json@7ed265cd]
2020-01-13 15:49:14.081 DEBUG 4239 --- [http-nio-8887-exec-5] o.s.w.s.DispatcherServlet                : Completed 200 OK
2020-01-13 15:53:48.709  INFO 4239 --- [http-nio-8887-exec-10] .s.d.r.c.RepositoryConfigurationDelegate : Bootstrapping Spring Data JPA repositories in DEFAULT mode.
2020-01-13 15:53:48.722  INFO 4239 --- [http-nio-8887-exec-10] .s.d.r.c.RepositoryConfigurationDelegate : Finished Spring Data repository scanning in 12ms. Found 0 JPA repository interfaces.
2020-01-13 15:53:49.183 DEBUG 4239 --- [http-nio-8887-exec-10] o.s.w.s.DispatcherServlet                : Detected StandardServletMultipartResolver
2020-01-13 15:53:49.191 DEBUG 4239 --- [http-nio-8887-exec-10] o.s.w.s.DispatcherServlet                : GET "/swagger-ui.html", parameters={}
2020-01-13 15:53:49.193  INFO 4239 --- [http-nio-8887-exec-10] pertySourcedRequestMappingHandlerMapping : Mapped URL path [/v2/api-docs] onto method [springfox.documentation.swagger2.web.Swagger2Controller#getDocumentation(String, HttpServletRequest)]
2020-01-13 15:53:49.204 DEBUG 4239 --- [http-nio-8887-exec-10] s.w.s.m.m.a.RequestMappingHandlerMapping : 6 mappings in 'requestMappingHandlerMapping'
2020-01-13 15:53:49.207 DEBUG 4239 --- [http-nio-8887-exec-10] o.s.w.s.h.SimpleUrlHandlerMapping        : Patterns [/webjars/**, /**, /swagger-ui.html] in 'resourceHandlerMapping'
2020-01-13 15:53:49.208 DEBUG 4239 --- [http-nio-8887-exec-10] o.s.w.s.h.SimpleUrlHandlerMapping        : Mapped to ResourceHttpRequestHandler ["classpath:/META-INF/resources/"]
2020-01-13 15:53:49.209 DEBUG 4239 --- [http-nio-8887-exec-10] o.s.w.s.DispatcherServlet                : Completed 304 NOT_MODIFIED
2020-01-13 15:53:49.325 DEBUG 4239 --- [http-nio-8887-exec-1] o.s.w.s.DispatcherServlet                : GET "/swagger-resources/configuration/ui", parameters={}
2020-01-13 15:53:49.326 DEBUG 4239 --- [http-nio-8887-exec-1] s.w.s.m.m.a.RequestMappingHandlerMapping : Mapped to springfox.documentation.swagger.web.ApiResourceController#uiConfiguration()
2020-01-13 15:53:49.340 DEBUG 4239 --- [http-nio-8887-exec-1] o.s.w.s.m.m.a.HttpEntityMethodProcessor  : Using 'application/json', given [application/json] and supported [application/json, application/*+json, application/json, application/*+json]
2020-01-13 15:53:49.341 DEBUG 4239 --- [http-nio-8887-exec-1] o.s.w.s.m.m.a.HttpEntityMethodProcessor  : Writing [springfox.documentation.swagger.web.UiConfiguration@56d90ca0]
2020-01-13 15:53:49.342 DEBUG 4239 --- [http-nio-8887-exec-1] o.s.w.s.DispatcherServlet                : Completed 200 OK
2020-01-13 15:53:49.365 DEBUG 4239 --- [http-nio-8887-exec-2] o.s.w.s.DispatcherServlet                : GET "/swagger-resources/configuration/security", parameters={}
2020-01-13 15:53:49.366 DEBUG 4239 --- [http-nio-8887-exec-2] s.w.s.m.m.a.RequestMappingHandlerMapping : Mapped to springfox.documentation.swagger.web.ApiResourceController#securityConfiguration()
2020-01-13 15:53:49.370 DEBUG 4239 --- [http-nio-8887-exec-2] o.s.w.s.m.m.a.HttpEntityMethodProcessor  : Using 'application/json', given [application/json] and supported [application/json, application/*+json, application/json, application/*+json]
2020-01-13 15:53:49.371 DEBUG 4239 --- [http-nio-8887-exec-2] o.s.w.s.m.m.a.HttpEntityMethodProcessor  : Writing [springfox.documentation.swagger.web.SecurityConfiguration@c7c5576]
2020-01-13 15:53:49.371 DEBUG 4239 --- [http-nio-8887-exec-2] o.s.w.s.DispatcherServlet                : Completed 200 OK
2020-01-13 15:53:49.376 DEBUG 4239 --- [http-nio-8887-exec-3] o.s.w.s.DispatcherServlet                : GET "/swagger-resources", parameters={}
2020-01-13 15:53:49.377 DEBUG 4239 --- [http-nio-8887-exec-3] s.w.s.m.m.a.RequestMappingHandlerMapping : Mapped to springfox.documentation.swagger.web.ApiResourceController#swaggerResources()
2020-01-13 15:53:49.378 DEBUG 4239 --- [http-nio-8887-exec-3] o.s.w.s.m.m.a.HttpEntityMethodProcessor  : Using 'application/json', given [application/json] and supported [application/json, application/*+json, application/json, application/*+json]
2020-01-13 15:53:49.378 DEBUG 4239 --- [http-nio-8887-exec-3] o.s.w.s.m.m.a.HttpEntityMethodProcessor  : Writing [[springfox.documentation.swagger.web.SwaggerResource@14d3b05f]]
2020-01-13 15:53:49.380 DEBUG 4239 --- [http-nio-8887-exec-3] o.s.w.s.DispatcherServlet                : Completed 200 OK
2020-01-13 15:53:49.530 DEBUG 4239 --- [http-nio-8887-exec-4] o.s.w.s.DispatcherServlet                : GET "/v2/api-docs", parameters={}
2020-01-13 15:53:49.530 DEBUG 4239 --- [http-nio-8887-exec-6] o.s.w.s.DispatcherServlet                : GET "/", parameters={}
2020-01-13 15:53:49.531 DEBUG 4239 --- [http-nio-8887-exec-6] o.s.w.s.h.SimpleUrlHandlerMapping        : Mapped to ResourceHttpRequestHandler ["classpath:/META-INF/resources/", "classpath:/resources/", "classpath:/static/", "classpath:/public/", "/"]
2020-01-13 15:53:49.531 DEBUG 4239 --- [http-nio-8887-exec-6] o.s.w.s.r.ResourceHttpRequestHandler     : Resource not found
2020-01-13 15:53:49.532 DEBUG 4239 --- [http-nio-8887-exec-6] o.s.w.s.DispatcherServlet                : Completed 404 NOT_FOUND
2020-01-13 15:53:49.532 DEBUG 4239 --- [http-nio-8887-exec-6] o.s.w.s.DispatcherServlet                : "ERROR" dispatch for GET "/error", parameters={}
2020-01-13 15:53:49.532 DEBUG 4239 --- [http-nio-8887-exec-6] s.w.s.m.m.a.RequestMappingHandlerMapping : Mapped to org.springframework.boot.autoconfigure.web.servlet.error.BasicErrorController#error(HttpServletRequest)
2020-01-13 15:53:49.535 DEBUG 4239 --- [http-nio-8887-exec-6] o.s.w.s.m.m.a.HttpEntityMethodProcessor  : Using 'application/json', given [*/*] and supported [application/json, application/*+json, application/json, application/*+json]
2020-01-13 15:53:49.536 DEBUG 4239 --- [http-nio-8887-exec-6] o.s.w.s.m.m.a.HttpEntityMethodProcessor  : Writing [{timestamp=Mon Jan 13 15:53:49 CST 2020, status=404, error=Not Found, message=No message available,  (truncated)...]
2020-01-13 15:53:49.538 DEBUG 4239 --- [http-nio-8887-exec-6] o.s.w.s.DispatcherServlet                : Exiting from "ERROR" dispatch, status 404
2020-01-13 15:53:49.543 DEBUG 4239 --- [http-nio-8887-exec-7] o.s.w.s.DispatcherServlet                : GET "/csrf", parameters={}
2020-01-13 15:53:49.544 DEBUG 4239 --- [http-nio-8887-exec-7] o.s.w.s.h.SimpleUrlHandlerMapping        : Mapped to ResourceHttpRequestHandler ["classpath:/META-INF/resources/", "classpath:/resources/", "classpath:/static/", "classpath:/public/", "/"]
2020-01-13 15:53:49.547 DEBUG 4239 --- [http-nio-8887-exec-7] o.s.w.s.r.ResourceHttpRequestHandler     : Resource not found
2020-01-13 15:53:49.547 DEBUG 4239 --- [http-nio-8887-exec-7] o.s.w.s.DispatcherServlet                : Completed 404 NOT_FOUND
2020-01-13 15:53:49.547 DEBUG 4239 --- [http-nio-8887-exec-7] o.s.w.s.DispatcherServlet                : "ERROR" dispatch for GET "/error", parameters={}
2020-01-13 15:53:49.548 DEBUG 4239 --- [http-nio-8887-exec-7] s.w.s.m.m.a.RequestMappingHandlerMapping : Mapped to org.springframework.boot.autoconfigure.web.servlet.error.BasicErrorController#error(HttpServletRequest)
2020-01-13 15:53:49.549 DEBUG 4239 --- [http-nio-8887-exec-7] o.s.w.s.m.m.a.HttpEntityMethodProcessor  : Using 'application/json', given [*/*] and supported [application/json, application/*+json, application/json, application/*+json]
2020-01-13 15:53:49.549 DEBUG 4239 --- [http-nio-8887-exec-7] o.s.w.s.m.m.a.HttpEntityMethodProcessor  : Writing [{timestamp=Mon Jan 13 15:53:49 CST 2020, status=404, error=Not Found, message=No message available,  (truncated)...]
2020-01-13 15:53:49.550 DEBUG 4239 --- [http-nio-8887-exec-7] o.s.w.s.DispatcherServlet                : Exiting from "ERROR" dispatch, status 404
2020-01-13 15:53:49.555  INFO 4239 --- [http-nio-8887-exec-4] s.d.s.w.s.ApiListingReferenceScanner     : Scanning for api listing references
2020-01-13 15:53:49.571  INFO 4239 --- [http-nio-8887-exec-4] .d.s.w.r.o.CachingOperationNameGenerator : Generating unique operation named: testQueryUsingGET_8
2020-01-13 15:53:49.577  INFO 4239 --- [http-nio-8887-exec-4] .d.s.w.r.o.CachingOperationNameGenerator : Generating unique operation named: testQueryUsingGET_9
2020-01-13 15:53:49.581  INFO 4239 --- [http-nio-8887-exec-4] .d.s.w.r.o.CachingOperationNameGenerator : Generating unique operation named: testQueryUsingGET_10
2020-01-13 15:53:49.584  INFO 4239 --- [http-nio-8887-exec-4] .d.s.w.r.o.CachingOperationNameGenerator : Generating unique operation named: testQueryUsingGET_11
2020-01-13 15:53:49.587  INFO 4239 --- [http-nio-8887-exec-4] .d.s.w.r.o.CachingOperationNameGenerator : Generating unique operation named: testQueryUsingGET_12
2020-01-13 15:53:49.591  INFO 4239 --- [http-nio-8887-exec-4] .d.s.w.r.o.CachingOperationNameGenerator : Generating unique operation named: testQueryUsingGET_13
2020-01-13 15:53:49.595  INFO 4239 --- [http-nio-8887-exec-4] .d.s.w.r.o.CachingOperationNameGenerator : Generating unique operation named: testQueryUsingGET_14
2020-01-13 15:53:49.601  INFO 4239 --- [http-nio-8887-exec-4] .d.s.w.r.o.CachingOperationNameGenerator : Generating unique operation named: testQueryUsingGET_15
2020-01-13 15:53:49.651 DEBUG 4239 --- [http-nio-8887-exec-4] o.s.w.s.m.m.a.HttpEntityMethodProcessor  : Using 'application/json', given [application/json, */*] and supported [application/json, application/*+json, application/json, application/*+json]
2020-01-13 15:53:49.651 DEBUG 4239 --- [http-nio-8887-exec-4] o.s.w.s.m.m.a.HttpEntityMethodProcessor  : Writing [springfox.documentation.spring.web.json.Json@78a10650]
2020-01-13 15:53:49.652 DEBUG 4239 --- [http-nio-8887-exec-4] o.s.w.s.DispatcherServlet                : Completed 200 OK
2020-01-13 15:53:56.985 DEBUG 4239 --- [http-nio-8887-exec-5] o.s.w.s.DispatcherServlet                : GET "/test/testQuery?level=3", parameters={masked}
2020-01-13 15:53:56.986 DEBUG 4239 --- [http-nio-8887-exec-5] s.w.s.m.m.a.RequestMappingHandlerMapping : Mapped to com.example.demo.service.TestServiceImpl#testQuery(Integer)
2020-01-13 15:53:57.896 DEBUG 4239 --- [http-nio-8887-exec-5] m.m.a.RequestResponseBodyMethodProcessor : Using 'application/json', given [*/*] and supported [application/json, application/*+json, application/json, application/*+json]
2020-01-13 15:53:57.897 DEBUG 4239 --- [http-nio-8887-exec-5] m.m.a.RequestResponseBodyMethodProcessor : Writing [{All={已上报=324家, 需要上报=334